<?xml version="1.0" encoding="UTF-8"?>
<!-- Generated by org.testng.reporters.JUnitReportReporter -->
<testsuite hostname="ZAP" failures="0" tests="1" name="MaveN.Auto.AppTest" time="0.005" errors="0" timestamp="2022-06-19T13:13:59 IST" skipped="0">
  <testcase classname="MaveN.Auto.AppTest" name="shouldAnswerWithTrue" time="0.005"/>
  <system-out/>
</testsuite> <!-- MaveN.Auto.AppTest -->
